{
  "RSpec": {
    "coverage": {
      "/Users/connervanloan/Desktop/turing/1mod/projects/night_writer/lib/translator.rb": {
        "lines": [
          1,
          1,
          1,
          13,
          null,
          null,
          1,
          287,
          null,
          null,
          1,
          365,
          null,
          null,
          1,
          157,
          null,
          null,
          1,
          248,
          null,
          null,
          1,
          null,
          13,
          null,
          null,
          null,
          null,
          null,
          null,
          null,
          null,
          null,
          null,
          null,
          null,
          null,
          null,
          null,
          null,
          null,
          null,
          null,
          null,
          null,
          null,
          null,
          null,
          null,
          null,
          null,
          null,
          null,
          1,
          1,
          null,
          1,
          3,
          3,
          null,
          null,
          null,
          1,
          null,
          null,
          1,
          2,
          10,
          null,
          null,
          null,
          null,
          null,
          1,
          1,
          1,
          5,
          null,
          null,
          null,
          null,
          1,
          3,
          3,
          3,
          null,
          null,
          null,
          null,
          3,
          50,
          150,
          null,
          null,
          3,
          null,
          null,
          1,
          4,
          15,
          159,
          null,
          null,
          null,
          null,
          1,
          4,
          5,
          null,
          null,
          null,
          null
        ]
      }
    },
    "timestamp": 1673971178
  }
}
